<?xml version="1.0" encoding="UTF-8"?>
<!-- Generated by org.testng.reporters.JUnitReportReporter -->
<testsuite skipped="0" hostname="DESKTOP-A15AP0F" name="com.keyworkdriven.test.Login" tests="1" failures="0" timestamp="2021-05-11T21:40:48 IST" time="20.025" errors="0">
  <testcase name="login" time="20.025" classname="com.keyworkdriven.test.Login"/>
  <system-out/>
</testsuite> <!-- com.keyworkdriven.test.Login -->
